# JRE version: Java(TM) SE Runtime Environment (8.0_91-b14) (build 1.8.0_91-b14)
# Java VM: Java HotSpot(TM) Client VM (25.91-b14 mixed mode windows-x86 )
Heap:
 def new generation   total 39424K, used 25823K [0x04c00000, 0x076c0000, 0x0f6a0000)
  eden space 35072K,  72% used [0x04c00000, 0x064f2f10, 0x06e40000)
  from space 4352K,   6% used [0x06e40000, 0x06e84e20, 0x07280000)
  to   space 4352K,   0% used [0x07280000, 0x07280000, 0x076c0000)
 tenured generation   total 87424K, used 46880K [0x0f6a0000, 0x14c00000, 0x24c00000)
   the space 87424K,  53% used [0x0f6a0000, 0x12468038, 0x12468200, 0x14c00000)
 Metaspace       used 19087K, capacity 19646K, committed 19712K, reserved 19840K
GC Heap History (10 events):
Event: 12664.570 GC heap before
{Heap before GC invocations=140 (full 1):
 def new generation   total 39424K, used 36094K [0x04c00000, 0x076c0000, 0x0f6a0000)
  eden space 35072K, 100% used [0x04c00000, 0x06e40000, 0x06e40000)
  from space 4352K,  23% used [0x07280000, 0x0737fb08, 0x076c0000)
  to   space 4352K,   0% used [0x06e40000, 0x06e40000, 0x07280000)
 tenured generation   total 87424K, used 46866K [0x0f6a0000, 0x14c00000, 0x24c00000)
   the space 87424K,  53% used [0x0f6a0000, 0x12464bc8, 0x12464c00, 0x14c00000)
 Metaspace       used 19087K, capacity 19646K, committed 19712K, reserved 19840K
Event: 12664.576 GC heap after
Heap after GC invocations=141 (full 1):
 def new generation   total 39424K, used 1228K [0x04c00000, 0x076c0000, 0x0f6a0000)
  eden space 35072K,   0% used [0x04c00000, 0x04c00000, 0x06e40000)
  from space 4352K,  28% used [0x06e40000, 0x06f730d8, 0x07280000)
  to   space 4352K,   0% used [0x07280000, 0x07280000, 0x076c0000)
 tenured generation   total 87424K, used 46867K [0x0f6a0000, 0x14c00000, 0x24c00000)
   the space 87424K,  53% used [0x0f6a0000, 0x12464d58, 0x12464e00, 0x14c00000)
 Metaspace       used 19087K, capacity 19646K, committed 19712K, reserved 19840K
}
Event: 12742.587 GC heap before
{Heap before GC invocations=141 (full 1):
 def new generation   total 39424K, used 36300K [0x04c00000, 0x076c0000, 0x0f6a0000)
  eden space 35072K, 100% used [0x04c00000, 0x06e40000, 0x06e40000)
  from space 4352K,  28% used [0x06e40000, 0x06f730d8, 0x07280000)
  to   space 4352K,   0% used [0x07280000, 0x07280000, 0x076c0000)
 tenured generation   total 87424K, used 46867K [0x0f6a0000, 0x14c00000, 0x24c00000)
   the space 87424K,  53% used [0x0f6a0000, 0x12464d58, 0x12464e00, 0x14c00000)
 Metaspace       used 19087K, capacity 19646K, committed 19712K, reserved 19840K
Event: 12742.593 GC heap after
Heap after GC invocations=142 (full 1):
 def new generation   total 39424K, used 1323K [0x04c00000, 0x076c0000, 0x0f6a0000)
  eden space 35072K,   0% used [0x04c00000, 0x04c00000, 0x06e40000)
  from space 4352K,  30% used [0x07280000, 0x073cad98, 0x076c0000)
  to   space 4352K,   0% used [0x06e40000, 0x06e40000, 0x07280000)
 tenured generation   total 87424K, used 46867K [0x0f6a0000, 0x14c00000, 0x24c00000)
   the space 87424K,  53% used [0x0f6a0000, 0x12464df8, 0x12464e00, 0x14c00000)
 Metaspace       used 19087K, capacity 19646K, committed 19712K, reserved 19840K
}
Event: 12802.013 GC heap before
{Heap before GC invocations=142 (full 1):
 def new generation   total 39424K, used 36395K [0x04c00000, 0x076c0000, 0x0f6a0000)
  eden space 35072K, 100% used [0x04c00000, 0x06e40000, 0x06e40000)
  from space 4352K,  30% used [0x07280000, 0x073cad98, 0x076c0000)
  to   space 4352K,   0% used [0x06e40000, 0x06e40000, 0x07280000)
 tenured generation   total 87424K, used 46867K [0x0f6a0000, 0x14c00000, 0x24c00000)
   the space 87424K,  53% used [0x0f6a0000, 0x12464df8, 0x12464e00, 0x14c00000)
 Metaspace       used 19087K, capacity 19646K, committed 19712K, reserved 19840K
Event: 12802.017 GC heap after
Heap after GC invocations=143 (full 1):
 def new generation   total 39424K, used 195K [0x04c00000, 0x076c0000, 0x0f6a0000)
  eden space 35072K,   0% used [0x04c00000, 0x04c00000, 0x06e40000)
  from space 4352K,   4% used [0x06e40000, 0x06e70c78, 0x07280000)
  to   space 4352K,   0% used [0x07280000, 0x07280000, 0x076c0000)
 tenured generation   total 87424K, used 46867K [0x0f6a0000, 0x14c00000, 0x24c00000)
   the space 87424K,  53% used [0x0f6a0000, 0x12464f18, 0x12465000, 0x14c00000)
 Metaspace       used 19087K, capacity 19646K, committed 19712K, reserved 19840K
}
Event: 12859.515 GC heap before
{Heap before GC invocations=143 (full 1):
 def new generation   total 39424K, used 35267K [0x04c00000, 0x076c0000, 0x0f6a0000)
  eden space 35072K, 100% used [0x04c00000, 0x06e40000, 0x06e40000)
  from space 4352K,   4% used [0x06e40000, 0x06e70c78, 0x07280000)
  to   space 4352K,   0% used [0x07280000, 0x07280000, 0x076c0000)
 tenured generation   total 87424K, used 46867K [0x0f6a0000, 0x14c00000, 0x24c00000)
   the space 87424K,  53% used [0x0f6a0000, 0x12464f18, 0x12465000, 0x14c00000)
 Metaspace       used 19087K, capacity 19646K, committed 19712K, reserved 19840K
Event: 12859.519 GC heap after
Heap after GC invocations=144 (full 1):
 def new generation   total 39424K, used 310K [0x04c00000, 0x076c0000, 0x0f6a0000)
  eden space 35072K,   0% used [0x04c00000, 0x04c00000, 0x06e40000)
  from space 4352K,   7% used [0x07280000, 0x072cd860, 0x076c0000)
  to   space 4352K,   0% used [0x06e40000, 0x06e40000, 0x07280000)
 tenured generation   total 87424K, used 46868K [0x0f6a0000, 0x14c00000, 0x24c00000)
   the space 87424K,  53% used [0x0f6a0000, 0x12465238, 0x12465400, 0x14c00000)
 Metaspace       used 19087K, capacity 19646K, committed 19712K, reserved 19840K
}
Event: 12915.149 GC heap before
{Heap before GC invocations=144 (full 1):
 def new generation   total 39424K, used 35382K [0x04c00000, 0x076c0000, 0x0f6a0000)
  eden space 35072K, 100% used [0x04c00000, 0x06e40000, 0x06e40000)
  from space 4352K,   7% used [0x07280000, 0x072cd860, 0x076c0000)
  to   space 4352K,   0% used [0x06e40000, 0x06e40000, 0x07280000)
 tenured generation   total 87424K, used 46868K [0x0f6a0000, 0x14c00000, 0x24c00000)
   the space 87424K,  53% used [0x0f6a0000, 0x12465238, 0x12465400, 0x14c00000)
 Metaspace       used 19087K, capacity 19646K, committed 19712K, reserved 19840K
Event: 12915.153 GC heap after
Heap after GC invocations=145 (full 1):
 def new generation   total 39424K, used 275K [0x04c00000, 0x076c0000, 0x0f6a0000)
  eden space 35072K,   0% used [0x04c00000, 0x04c00000, 0x06e40000)
  from space 4352K,   6% used [0x06e40000, 0x06e84e20, 0x07280000)
  to   space 4352K,   0% used [0x07280000, 0x07280000, 0x076c0000)
 tenured generation   total 87424K, used 46880K [0x0f6a0000, 0x14c00000, 0x24c00000)
   the space 87424K,  53% used [0x0f6a0000, 0x12468038, 0x12468200, 0x14c00000)
 Metaspace       used 19087K, capacity 19646K, committed 19712K, reserved 19840K
}

