# JRE version: Java(TM) SE Runtime Environment (8.0_91-b14) (build 1.8.0_91-b14)
# Java VM: Java HotSpot(TM) Client VM (25.91-b14 mixed mode windows-x86 )
Heap:
 def new generation   total 39424K, used 22048K [0x04a00000, 0x074c0000, 0x0f4a0000)
  eden space 35072K,  62% used [0x04a00000, 0x05f7f5d0, 0x06c40000)
  from space 4352K,   0% used [0x07080000, 0x07088cc8, 0x074c0000)
  to   space 4352K,   0% used [0x06c40000, 0x06c40000, 0x07080000)
 tenured generation   total 87424K, used 29671K [0x0f4a0000, 0x14a00000, 0x24a00000)
   the space 87424K,  33% used [0x0f4a0000, 0x11199cb8, 0x11199e00, 0x14a00000)
 Metaspace       used 18179K, capacity 18630K, committed 18688K, reserved 18816K
GC Heap History (10 events):
Event: 9052.217 GC heap before
{Heap before GC invocations=195 (full 1):
 def new generation   total 39424K, used 35256K [0x04a00000, 0x074c0000, 0x0f4a0000)
  eden space 35072K, 100% used [0x04a00000, 0x06c40000, 0x06c40000)
  from space 4352K,   4% used [0x06c40000, 0x06c6e2d8, 0x07080000)
  to   space 4352K,   0% used [0x07080000, 0x07080000, 0x074c0000)
 tenured generation   total 87424K, used 29650K [0x0f4a0000, 0x14a00000, 0x24a00000)
   the space 87424K,  33% used [0x0f4a0000, 0x111949b8, 0x11194a00, 0x14a00000)
 Metaspace       used 18179K, capacity 18630K, committed 18688K, reserved 18816K
Event: 9052.221 GC heap after
Heap after GC invocations=196 (full 1):
 def new generation   total 39424K, used 167K [0x04a00000, 0x074c0000, 0x0f4a0000)
  eden space 35072K,   0% used [0x04a00000, 0x04a00000, 0x06c40000)
  from space 4352K,   3% used [0x07080000, 0x070a9d88, 0x074c0000)
  to   space 4352K,   0% used [0x06c40000, 0x06c40000, 0x07080000)
 tenured generation   total 87424K, used 29653K [0x0f4a0000, 0x14a00000, 0x24a00000)
   the space 87424K,  33% used [0x0f4a0000, 0x111955b0, 0x11195600, 0x14a00000)
 Metaspace       used 18179K, capacity 18630K, committed 18688K, reserved 18816K
}
Event: 9088.001 GC heap before
{Heap before GC invocations=196 (full 1):
 def new generation   total 39424K, used 35239K [0x04a00000, 0x074c0000, 0x0f4a0000)
  eden space 35072K, 100% used [0x04a00000, 0x06c40000, 0x06c40000)
  from space 4352K,   3% used [0x07080000, 0x070a9d88, 0x074c0000)
  to   space 4352K,   0% used [0x06c40000, 0x06c40000, 0x07080000)
 tenured generation   total 87424K, used 29653K [0x0f4a0000, 0x14a00000, 0x24a00000)
   the space 87424K,  33% used [0x0f4a0000, 0x111955b0, 0x11195600, 0x14a00000)
 Metaspace       used 18179K, capacity 18630K, committed 18688K, reserved 18816K
Event: 9088.003 GC heap after
Heap after GC invocations=197 (full 1):
 def new generation   total 39424K, used 168K [0x04a00000, 0x074c0000, 0x0f4a0000)
  eden space 35072K,   0% used [0x04a00000, 0x04a00000, 0x06c40000)
  from space 4352K,   3% used [0x06c40000, 0x06c6a058, 0x07080000)
  to   space 4352K,   0% used [0x07080000, 0x07080000, 0x074c0000)
 tenured generation   total 87424K, used 29655K [0x0f4a0000, 0x14a00000, 0x24a00000)
   the space 87424K,  33% used [0x0f4a0000, 0x11195ed8, 0x11196000, 0x14a00000)
 Metaspace       used 18179K, capacity 18630K, committed 18688K, reserved 18816K
}
Event: 9121.746 GC heap before
{Heap before GC invocations=197 (full 1):
 def new generation   total 39424K, used 35240K [0x04a00000, 0x074c0000, 0x0f4a0000)
  eden space 35072K, 100% used [0x04a00000, 0x06c40000, 0x06c40000)
  from space 4352K,   3% used [0x06c40000, 0x06c6a058, 0x07080000)
  to   space 4352K,   0% used [0x07080000, 0x07080000, 0x074c0000)
 tenured generation   total 87424K, used 29655K [0x0f4a0000, 0x14a00000, 0x24a00000)
   the space 87424K,  33% used [0x0f4a0000, 0x11195ed8, 0x11196000, 0x14a00000)
 Metaspace       used 18179K, capacity 18630K, committed 18688K, reserved 18816K
Event: 9121.750 GC heap after
Heap after GC invocations=198 (full 1):
 def new generation   total 39424K, used 161K [0x04a00000, 0x074c0000, 0x0f4a0000)
  eden space 35072K,   0% used [0x04a00000, 0x04a00000, 0x06c40000)
  from space 4352K,   3% used [0x07080000, 0x070a8678, 0x074c0000)
  to   space 4352K,   0% used [0x06c40000, 0x06c40000, 0x07080000)
 tenured generation   total 87424K, used 29671K [0x0f4a0000, 0x14a00000, 0x24a00000)
   the space 87424K,  33% used [0x0f4a0000, 0x11199cb8, 0x11199e00, 0x14a00000)
 Metaspace       used 18179K, capacity 18630K, committed 18688K, reserved 18816K
}
Event: 9168.214 GC heap before
{Heap before GC invocations=198 (full 1):
 def new generation   total 39424K, used 35233K [0x04a00000, 0x074c0000, 0x0f4a0000)
  eden space 35072K, 100% used [0x04a00000, 0x06c40000, 0x06c40000)
  from space 4352K,   3% used [0x07080000, 0x070a8678, 0x074c0000)
  to   space 4352K,   0% used [0x06c40000, 0x06c40000, 0x07080000)
 tenured generation   total 87424K, used 29671K [0x0f4a0000, 0x14a00000, 0x24a00000)
   the space 87424K,  33% used [0x0f4a0000, 0x11199cb8, 0x11199e00, 0x14a00000)
 Metaspace       used 18179K, capacity 18630K, committed 18688K, reserved 18816K
Event: 9168.218 GC heap after
Heap after GC invocations=199 (full 1):
 def new generation   total 39424K, used 29K [0x04a00000, 0x074c0000, 0x0f4a0000)
  eden space 35072K,   0% used [0x04a00000, 0x04a00000, 0x06c40000)
  from space 4352K,   0% used [0x06c40000, 0x06c475a0, 0x07080000)
  to   space 4352K,   0% used [0x07080000, 0x07080000, 0x074c0000)
 tenured generation   total 87424K, used 29671K [0x0f4a0000, 0x14a00000, 0x24a00000)
   the space 87424K,  33% used [0x0f4a0000, 0x11199cb8, 0x11199e00, 0x14a00000)
 Metaspace       used 18179K, capacity 18630K, committed 18688K, reserved 18816K
}
Event: 9217.282 GC heap before
{Heap before GC invocations=199 (full 1):
 def new generation   total 39424K, used 35101K [0x04a00000, 0x074c0000, 0x0f4a0000)
  eden space 35072K, 100% used [0x04a00000, 0x06c40000, 0x06c40000)
  from space 4352K,   0% used [0x06c40000, 0x06c475a0, 0x07080000)
  to   space 4352K,   0% used [0x07080000, 0x07080000, 0x074c0000)
 tenured generation   total 87424K, used 29671K [0x0f4a0000, 0x14a00000, 0x24a00000)
   the space 87424K,  33% used [0x0f4a0000, 0x11199cb8, 0x11199e00, 0x14a00000)
 Metaspace       used 18179K, capacity 18630K, committed 18688K, reserved 18816K
Event: 9217.285 GC heap after
Heap after GC invocations=200 (full 1):
 def new generation   total 39424K, used 35K [0x04a00000, 0x074c0000, 0x0f4a0000)
  eden space 35072K,   0% used [0x04a00000, 0x04a00000, 0x06c40000)
  from space 4352K,   0% used [0x07080000, 0x07088cc8, 0x074c0000)
  to   space 4352K,   0% used [0x06c40000, 0x06c40000, 0x07080000)
 tenured generation   total 87424K, used 29671K [0x0f4a0000, 0x14a00000, 0x24a00000)
   the space 87424K,  33% used [0x0f4a0000, 0x11199cb8, 0x11199e00, 0x14a00000)
 Metaspace       used 18179K, capacity 18630K, committed 18688K, reserved 18816K
}

